
> example@1.0.0 dev /home/ubuntu/001/egg-example
> egg-bin dev

[egg-ts-helper] create typings/app/controller/index.d.ts (2ms)
[egg-ts-helper] create typings/app/middleware/index.d.ts (1ms)
[egg-ts-helper] create typings/config/index.d.ts (12ms)
[egg-ts-helper] create typings/config/plugin.d.ts (2ms)
[egg-ts-helper] create typings/app/service/index.d.ts (1ms)
[egg-ts-helper] create typings/app/index.d.ts (0ms)
2020-08-12 23:29:21,036 INFO 31420 [master] node version v12.18.3
2020-08-12 23:29:21,036 INFO 31420 [master] egg version 2.27.0
2020-08-12 23:29:21,832 INFO 31420 [master] agent_worker#1:31449 started (794ms)
2020-08-12 23:29:22,721 INFO 31420 [master] egg started on http://127.0.0.1:7000 (1685ms)
2020-08-12 23:32:41,812 WARN 31449 [agent:development] reload worker because /home/ubuntu/001/egg-example/config/config.default.js~ rename
[egg-ts-helper] create typings/config/index.d.ts (6ms)
2020-08-12 23:32:44,556 ERROR 685 [app_worker] server got error: bind EADDRINUSE 0.0.0.0:7000, code: EADDRINUSE
[2020-08-12 23:32:44.567] [cfork:master:31420] worker:685 disconnect (exitedAfterDisconnect: false, state: disconnected, isDead: false, worker.disableRefork: true)
[2020-08-12 23:32:44.567] [cfork:master:31420] don't fork, because worker:685 will be kill soon
2020-08-12 23:32:44,567 INFO 31420 [master] app_worker#2:685 disconnect, suicide: false, state: disconnected, current workers: ["1","2"]
[2020-08-12 23:32:44.568] [cfork:master:31420] worker:685 exit (code: 0, exitedAfterDisconnect: false, state: dead, isDead: true, isExpected: false, worker.disableRefork: true)
2020-08-12 23:32:44,569 ERROR 31420 nodejs.AppWorkerDiedError: [master] app_worker#2:685 died (code: 0, signal: null, suicide: false, state: dead), current workers: []
    at Master.onAppExit (/home/ubuntu/001/egg-example/node_modules/egg-cluster/lib/master.js:510:21)
    at Master.emit (events.js:315:20)
    at Messenger.sendToMaster (/home/ubuntu/001/egg-example/node_modules/egg-cluster/lib/utils/messenger.js:137:17)
    at Messenger.send (/home/ubuntu/001/egg-example/node_modules/egg-cluster/lib/utils/messenger.js:102:12)
    at EventEmitter.<anonymous> (/home/ubuntu/001/egg-example/node_modules/egg-cluster/lib/master.js:353:22)
    at EventEmitter.emit (events.js:327:22)
    at ChildProcess.<anonymous> (internal/cluster/master.js:191:13)
    at Object.onceWrapper (events.js:422:26)
    at ChildProcess.emit (events.js:315:20)
    at Process.ChildProcess._handle.onexit (internal/child_process.js:275:12)
name: "AppWorkerDiedError"
pid: 31420
hostname: VM-0-9-ubuntu

[2020-08-12 23:32:44.576] [cfork:master:31420] worker:31466 disconnect (exitedAfterDisconnect: true, state: disconnected, isDead: false, worker.disableRefork: false)
[2020-08-12 23:32:44.576] [cfork:master:31420] don't fork new work (refork: false)
2020-08-12 23:32:44,576 INFO 31420 [master] app_worker#1:31466 disconnect, suicide: true, state: disconnected, current workers: []
[2020-08-12 23:32:44.578] [cfork:master:31420] worker:31466 exit (code: 0, exitedAfterDisconnect: true, state: dead, isDead: true, isExpected: true, worker.disableRefork: false)
2020-08-13 22:59:11,579 WARN 31449 [agent:development] reload worker because /home/ubuntu/001/egg-example/app/controller/home.js~ rename
2020-08-13 23:00:44,025 WARN 31449 [agent:development] reload worker because /home/ubuntu/001/egg-example/app/service/user.js change
[egg-ts-helper] create typings/app/service/index.d.ts (1ms)
[egg-ts-helper] create typings/app/service/index.d.ts (3ms)
[2020-08-13 23:00:44.915] [cfork:master:31420] worker:12209 disconnect (exitedAfterDisconnect: true, state: disconnected, isDead: false, worker.disableRefork: false)
[2020-08-13 23:00:44.915] [cfork:master:31420] don't fork new work (refork: false)
2020-08-13 23:00:44,915 INFO 31420 [master] app_worker#3:12209 disconnect, suicide: true, state: disconnected, current workers: ["4"]
[2020-08-13 23:00:44.924] [cfork:master:31420] worker:12209 exit (code: 0, exitedAfterDisconnect: true, state: dead, isDead: true, isExpected: true, worker.disableRefork: false)
2020-08-13 23:26:27,172 WARN 31449 [agent:development] reload worker because /home/ubuntu/001/egg-example/app/controller/home.js~ rename
[2020-08-13 23:26:28.099] [cfork:master:31420] worker:13092 disconnect (exitedAfterDisconnect: true, state: disconnected, isDead: false, worker.disableRefork: false)
[2020-08-13 23:26:28.099] [cfork:master:31420] don't fork new work (refork: false)
2020-08-13 23:26:28,099 INFO 31420 [master] app_worker#4:13092 disconnect, suicide: true, state: disconnected, current workers: ["5"]
[2020-08-13 23:26:28.112] [cfork:master:31420] worker:13092 exit (code: 0, exitedAfterDisconnect: true, state: dead, isDead: true, isExpected: true, worker.disableRefork: false)
2020-08-13 23:29:02,969 WARN 31449 [agent:development] reload worker because /home/ubuntu/001/egg-example/config/config.default.js~ rename
[2020-08-13 23:29:05.758] [cfork:master:31420] worker:26459 disconnect (exitedAfterDisconnect: true, state: disconnected, isDead: false, worker.disableRefork: false)
[2020-08-13 23:29:05.758] [cfork:master:31420] don't fork new work (refork: false)
2020-08-13 23:29:05,758 INFO 31420 [master] app_worker#5:26459 disconnect, suicide: true, state: disconnected, current workers: ["6"]
[2020-08-13 23:29:05.766] [cfork:master:31420] worker:26459 exit (code: 0, exitedAfterDisconnect: true, state: dead, isDead: true, isExpected: true, worker.disableRefork: false)
2020-08-14 00:00:01,010 ERROR 27873 nodejs.ENOENTError: [egg-logrotator] rename /home/ubuntu/001/egg-example/logs/example/common-error.log, found exception: ENOENT: no such file or directory, rename '/home/ubuntu/001/egg-example/logs/example/common-error.log' -> '/home/ubuntu/001/egg-example/logs/example/common-error.log.2020-08-13'
ENOENTError: [egg-logrotator] rename /home/ubuntu/001/egg-example/logs/example/common-error.log, found exception: ENOENT: no such file or directory, rename '/home/ubuntu/001/egg-example/logs/example/common-error.log' -> '/home/ubuntu/001/egg-example/logs/example/common-error.log.2020-08-13'
errno: -2
code: "ENOENT"
syscall: "rename"
path: "/home/ubuntu/001/egg-example/logs/example/common-error.log"
dest: "/home/ubuntu/001/egg-example/logs/example/common-error.log.2020-08-13"
name: "ENOENTError"
pid: 27873
hostname: VM-0-9-ubuntu

2020-08-14 00:42:26,202 WARN 31449 [agent:development] reload worker because /home/ubuntu/001/egg-example/app/controller/home.js~ rename
[2020-08-14 00:42:27.069] [cfork:master:31420] worker:27873 disconnect (exitedAfterDisconnect: true, state: disconnected, isDead: false, worker.disableRefork: false)
[2020-08-14 00:42:27.070] [cfork:master:31420] don't fork new work (refork: false)
2020-08-14 00:42:27,070 INFO 31420 [master] app_worker#6:27873 disconnect, suicide: true, state: disconnected, current workers: ["7"]
[2020-08-14 00:42:27.078] [cfork:master:31420] worker:27873 exit (code: 0, exitedAfterDisconnect: true, state: dead, isDead: true, isExpected: true, worker.disableRefork: false)
2020-08-14 00:43:43,602 WARN 31449 [agent:development] reload worker because /home/ubuntu/001/egg-example/app/service/user.js~ rename
/home/ubuntu/001/egg-example/app/service/user.js:17
    if (!user || user.password !== password)) {
                                            ^

SyntaxError: Unexpected token ')'
    at wrapSafe (internal/modules/cjs/loader.js:1053:16)
    at Module._compile (internal/modules/cjs/loader.js:1101:27)
    at Object.Module._extensions..js (internal/modules/cjs/loader.js:1157:10)
    at Module.load (internal/modules/cjs/loader.js:985:32)
    at Function.Module._load (internal/modules/cjs/loader.js:878:14)
    at Module.require (internal/modules/cjs/loader.js:1025:19)
    at require (internal/modules/cjs/helpers.js:72:18)
    at Object.loadFile (/home/ubuntu/001/egg-example/node_modules/egg-core/lib/utils/index.js:27:19)
    at getExports (/home/ubuntu/001/egg-example/node_modules/egg-core/lib/loader/file_loader.js:199:23)
    at ContextLoader.parse (/home/ubuntu/001/egg-example/node_modules/egg-core/lib/loader/file_loader.js:158:25)
[2020-08-14 00:43:44.427] [cfork:master:31420] worker:717 disconnect (exitedAfterDisconnect: false, state: disconnected, isDead: false, worker.disableRefork: true)
[2020-08-14 00:43:44.427] [cfork:master:31420] don't fork, because worker:717 will be kill soon
2020-08-14 00:43:44,427 INFO 31420 [master] app_worker#8:717 disconnect, suicide: false, state: disconnected, current workers: ["7","8"]
[2020-08-14 00:43:44.428] [cfork:master:31420] worker:717 exit (code: 1, exitedAfterDisconnect: false, state: dead, isDead: true, isExpected: false, worker.disableRefork: true)
2020-08-14 00:43:44,429 ERROR 31420 nodejs.AppWorkerDiedError: [master] app_worker#8:717 died (code: 1, signal: null, suicide: false, state: dead), current workers: []
    at Master.onAppExit (/home/ubuntu/001/egg-example/node_modules/egg-cluster/lib/master.js:510:21)
    at Master.emit (events.js:315:20)
    at Messenger.sendToMaster (/home/ubuntu/001/egg-example/node_modules/egg-cluster/lib/utils/messenger.js:137:17)
    at Messenger.send (/home/ubuntu/001/egg-example/node_modules/egg-cluster/lib/utils/messenger.js:102:12)
    at EventEmitter.<anonymous> (/home/ubuntu/001/egg-example/node_modules/egg-cluster/lib/master.js:353:22)
    at EventEmitter.emit (events.js:327:22)
    at ChildProcess.<anonymous> (internal/cluster/master.js:191:13)
    at Object.onceWrapper (events.js:422:26)
    at ChildProcess.emit (events.js:315:20)
    at Process.ChildProcess._handle.onexit (internal/child_process.js:275:12)
name: "AppWorkerDiedError"
pid: 31420
hostname: VM-0-9-ubuntu

[2020-08-14 00:43:44.429] [cfork:master:31420] worker:32522 disconnect (exitedAfterDisconnect: true, state: disconnected, isDead: false, worker.disableRefork: false)
[2020-08-14 00:43:44.429] [cfork:master:31420] don't fork new work (refork: false)
2020-08-14 00:43:44,429 INFO 31420 [master] app_worker#7:32522 disconnect, suicide: true, state: disconnected, current workers: []
[2020-08-14 00:43:44.438] [cfork:master:31420] worker:32522 exit (code: 0, exitedAfterDisconnect: true, state: dead, isDead: true, isExpected: true, worker.disableRefork: false)
2020-08-14 00:44:09,903 WARN 31449 [agent:development] reload worker because /home/ubuntu/001/egg-example/config/config.default.js~ rename
/home/ubuntu/001/egg-example/app/service/user.js:17
    if (!user || user.password !== password)) {
                                            ^

SyntaxError: Unexpected token ')'
    at wrapSafe (internal/modules/cjs/loader.js:1053:16)
    at Module._compile (internal/modules/cjs/loader.js:1101:27)
    at Object.Module._extensions..js (internal/modules/cjs/loader.js:1157:10)
    at Module.load (internal/modules/cjs/loader.js:985:32)
    at Function.Module._load (internal/modules/cjs/loader.js:878:14)
    at Module.require (internal/modules/cjs/loader.js:1025:19)
    at require (internal/modules/cjs/helpers.js:72:18)
    at Object.loadFile (/home/ubuntu/001/egg-example/node_modules/egg-core/lib/utils/index.js:27:19)
    at getExports (/home/ubuntu/001/egg-example/node_modules/egg-core/lib/loader/file_loader.js:199:23)
    at ContextLoader.parse (/home/ubuntu/001/egg-example/node_modules/egg-core/lib/loader/file_loader.js:158:25)
[2020-08-14 00:44:12.420] [cfork:master:31420] worker:1038 disconnect (exitedAfterDisconnect: false, state: disconnected, isDead: false, worker.disableRefork: true)
[2020-08-14 00:44:12.420] [cfork:master:31420] don't fork, because worker:1038 will be kill soon
2020-08-14 00:44:12,421 INFO 31420 [master] app_worker#9:1038 disconnect, suicide: false, state: disconnected, current workers: ["9"]
[2020-08-14 00:44:12.421] [cfork:master:31420] worker:1038 exit (code: 1, exitedAfterDisconnect: false, state: dead, isDead: true, isExpected: false, worker.disableRefork: true)
2020-08-14 00:44:12,421 ERROR 31420 nodejs.AppWorkerDiedError: [master] app_worker#9:1038 died (code: 1, signal: null, suicide: false, state: dead), current workers: []
    at Master.onAppExit (/home/ubuntu/001/egg-example/node_modules/egg-cluster/lib/master.js:510:21)
    at Master.emit (events.js:315:20)
    at Messenger.sendToMaster (/home/ubuntu/001/egg-example/node_modules/egg-cluster/lib/utils/messenger.js:137:17)
    at Messenger.send (/home/ubuntu/001/egg-example/node_modules/egg-cluster/lib/utils/messenger.js:102:12)
    at EventEmitter.<anonymous> (/home/ubuntu/001/egg-example/node_modules/egg-cluster/lib/master.js:353:22)
    at EventEmitter.emit (events.js:327:22)
    at ChildProcess.<anonymous> (internal/cluster/master.js:191:13)
    at Object.onceWrapper (events.js:422:26)
    at ChildProcess.emit (events.js:315:20)
    at Process.ChildProcess._handle.onexit (internal/child_process.js:275:12)
name: "AppWorkerDiedError"
pid: 31420
hostname: VM-0-9-ubuntu

2020-08-14 00:44:29,100 WARN 31449 [agent:development] reload worker because /home/ubuntu/001/egg-example/config/config.default.js~ rename
/home/ubuntu/001/egg-example/app/service/user.js:17
    if (!user || user.password !== password)) {
                                            ^

SyntaxError: Unexpected token ')'
    at wrapSafe (internal/modules/cjs/loader.js:1053:16)
    at Module._compile (internal/modules/cjs/loader.js:1101:27)
    at Object.Module._extensions..js (internal/modules/cjs/loader.js:1157:10)
    at Module.load (internal/modules/cjs/loader.js:985:32)
    at Function.Module._load (internal/modules/cjs/loader.js:878:14)
    at Module.require (internal/modules/cjs/loader.js:1025:19)
    at require (internal/modules/cjs/helpers.js:72:18)
    at Object.loadFile (/home/ubuntu/001/egg-example/node_modules/egg-core/lib/utils/index.js:27:19)
    at getExports (/home/ubuntu/001/egg-example/node_modules/egg-core/lib/loader/file_loader.js:199:23)
    at ContextLoader.parse (/home/ubuntu/001/egg-example/node_modules/egg-core/lib/loader/file_loader.js:158:25)
[2020-08-14 00:44:31.732] [cfork:master:31420] worker:1299 disconnect (exitedAfterDisconnect: false, state: disconnected, isDead: false, worker.disableRefork: true)
[2020-08-14 00:44:31.732] [cfork:master:31420] don't fork, because worker:1299 will be kill soon
2020-08-14 00:44:31,732 INFO 31420 [master] app_worker#10:1299 disconnect, suicide: false, state: disconnected, current workers: ["10"]
[2020-08-14 00:44:31.733] [cfork:master:31420] worker:1299 exit (code: 1, exitedAfterDisconnect: false, state: dead, isDead: true, isExpected: false, worker.disableRefork: true)
2020-08-14 00:44:31,733 ERROR 31420 nodejs.AppWorkerDiedError: [master] app_worker#10:1299 died (code: 1, signal: null, suicide: false, state: dead), current workers: []
    at Master.onAppExit (/home/ubuntu/001/egg-example/node_modules/egg-cluster/lib/master.js:510:21)
    at Master.emit (events.js:315:20)
    at Messenger.sendToMaster (/home/ubuntu/001/egg-example/node_modules/egg-cluster/lib/utils/messenger.js:137:17)
    at Messenger.send (/home/ubuntu/001/egg-example/node_modules/egg-cluster/lib/utils/messenger.js:102:12)
    at EventEmitter.<anonymous> (/home/ubuntu/001/egg-example/node_modules/egg-cluster/lib/master.js:353:22)
    at EventEmitter.emit (events.js:327:22)
    at ChildProcess.<anonymous> (internal/cluster/master.js:191:13)
    at Object.onceWrapper (events.js:422:26)
    at ChildProcess.emit (events.js:315:20)
    at Process.ChildProcess._handle.onexit (internal/child_process.js:275:12)
name: "AppWorkerDiedError"
pid: 31420
hostname: VM-0-9-ubuntu

2020-08-14 00:44:58,630 WARN 31449 [agent:development] reload worker because /home/ubuntu/001/egg-example/config/config.default.js~ rename
/home/ubuntu/001/egg-example/app/service/user.js:17
    if (!user || user.password !== password)) {
                                            ^

SyntaxError: Unexpected token ')'
    at wrapSafe (internal/modules/cjs/loader.js:1053:16)
    at Module._compile (internal/modules/cjs/loader.js:1101:27)
    at Object.Module._extensions..js (internal/modules/cjs/loader.js:1157:10)
    at Module.load (internal/modules/cjs/loader.js:985:32)
    at Function.Module._load (internal/modules/cjs/loader.js:878:14)
    at Module.require (internal/modules/cjs/loader.js:1025:19)
    at require (internal/modules/cjs/helpers.js:72:18)
    at Object.loadFile (/home/ubuntu/001/egg-example/node_modules/egg-core/lib/utils/index.js:27:19)
    at getExports (/home/ubuntu/001/egg-example/node_modules/egg-core/lib/loader/file_loader.js:199:23)
    at ContextLoader.parse (/home/ubuntu/001/egg-example/node_modules/egg-core/lib/loader/file_loader.js:158:25)
[2020-08-14 00:45:00.944] [cfork:master:31420] worker:1641 disconnect (exitedAfterDisconnect: false, state: disconnected, isDead: false, worker.disableRefork: true)
[2020-08-14 00:45:00.944] [cfork:master:31420] don't fork, because worker:1641 will be kill soon
2020-08-14 00:45:00,944 INFO 31420 [master] app_worker#11:1641 disconnect, suicide: false, state: disconnected, current workers: ["11"]
[2020-08-14 00:45:00.945] [cfork:master:31420] worker:1641 exit (code: 1, exitedAfterDisconnect: false, state: dead, isDead: true, isExpected: false, worker.disableRefork: true)
2020-08-14 00:45:00,945 ERROR 31420 nodejs.AppWorkerDiedError: [master] app_worker#11:1641 died (code: 1, signal: null, suicide: false, state: dead), current workers: []
    at Master.onAppExit (/home/ubuntu/001/egg-example/node_modules/egg-cluster/lib/master.js:510:21)
    at Master.emit (events.js:315:20)
    at Messenger.sendToMaster (/home/ubuntu/001/egg-example/node_modules/egg-cluster/lib/utils/messenger.js:137:17)
    at Messenger.send (/home/ubuntu/001/egg-example/node_modules/egg-cluster/lib/utils/messenger.js:102:12)
    at EventEmitter.<anonymous> (/home/ubuntu/001/egg-example/node_modules/egg-cluster/lib/master.js:353:22)
    at EventEmitter.emit (events.js:327:22)
    at ChildProcess.<anonymous> (internal/cluster/master.js:191:13)
    at Object.onceWrapper (events.js:422:26)
    at ChildProcess.emit (events.js:315:20)
    at Process.ChildProcess._handle.onexit (internal/child_process.js:275:12)
name: "AppWorkerDiedError"
pid: 31420
hostname: VM-0-9-ubuntu

2020-08-14 00:45:27,346 WARN 31449 [agent:development] reload worker because /home/ubuntu/001/egg-example/config/config.default.js~ rename
/home/ubuntu/001/egg-example/app/service/user.js:17
    if (!user || user.password !== password)) {
                                            ^

SyntaxError: Unexpected token ')'
    at wrapSafe (internal/modules/cjs/loader.js:1053:16)
    at Module._compile (internal/modules/cjs/loader.js:1101:27)
    at Object.Module._extensions..js (internal/modules/cjs/loader.js:1157:10)
    at Module.load (internal/modules/cjs/loader.js:985:32)
    at Function.Module._load (internal/modules/cjs/loader.js:878:14)
    at Module.require (internal/modules/cjs/loader.js:1025:19)
    at require (internal/modules/cjs/helpers.js:72:18)
    at Object.loadFile (/home/ubuntu/001/egg-example/node_modules/egg-core/lib/utils/index.js:27:19)
    at getExports (/home/ubuntu/001/egg-example/node_modules/egg-core/lib/loader/file_loader.js:199:23)
    at ContextLoader.parse (/home/ubuntu/001/egg-example/node_modules/egg-core/lib/loader/file_loader.js:158:25)
[2020-08-14 00:45:29.580] [cfork:master:31420] worker:1983 disconnect (exitedAfterDisconnect: false, state: disconnected, isDead: false, worker.disableRefork: true)
[2020-08-14 00:45:29.580] [cfork:master:31420] don't fork, because worker:1983 will be kill soon
2020-08-14 00:45:29,580 INFO 31420 [master] app_worker#12:1983 disconnect, suicide: false, state: disconnected, current workers: ["12"]
[2020-08-14 00:45:29.580] [cfork:master:31420] worker:1983 exit (code: 1, exitedAfterDisconnect: false, state: dead, isDead: true, isExpected: false, worker.disableRefork: true)
2020-08-14 00:45:29,580 ERROR 31420 nodejs.AppWorkerDiedError: [master] app_worker#12:1983 died (code: 1, signal: null, suicide: false, state: dead), current workers: []
    at Master.onAppExit (/home/ubuntu/001/egg-example/node_modules/egg-cluster/lib/master.js:510:21)
    at Master.emit (events.js:315:20)
    at Messenger.sendToMaster (/home/ubuntu/001/egg-example/node_modules/egg-cluster/lib/utils/messenger.js:137:17)
    at Messenger.send (/home/ubuntu/001/egg-example/node_modules/egg-cluster/lib/utils/messenger.js:102:12)
    at EventEmitter.<anonymous> (/home/ubuntu/001/egg-example/node_modules/egg-cluster/lib/master.js:353:22)
    at EventEmitter.emit (events.js:327:22)
    at ChildProcess.<anonymous> (internal/cluster/master.js:191:13)
    at Object.onceWrapper (events.js:422:26)
    at ChildProcess.emit (events.js:315:20)
    at Process.ChildProcess._handle.onexit (internal/child_process.js:275:12)
name: "AppWorkerDiedError"
pid: 31420
hostname: VM-0-9-ubuntu

2020-08-14 00:45:56,699 WARN 31449 [agent:development] reload worker because /home/ubuntu/001/egg-example/app/service/user.js~ rename
2020-08-14 00:46:25,865 WARN 31449 [agent:development] reload worker because /home/ubuntu/001/egg-example/config/config.default.js~ rename
[2020-08-14 00:46:28.434] [cfork:master:31420] worker:2266 disconnect (exitedAfterDisconnect: true, state: disconnected, isDead: false, worker.disableRefork: false)
[2020-08-14 00:46:28.434] [cfork:master:31420] don't fork new work (refork: false)
2020-08-14 00:46:28,434 INFO 31420 [master] app_worker#13:2266 disconnect, suicide: true, state: disconnected, current workers: ["14"]
[2020-08-14 00:46:28.459] [cfork:master:31420] worker:2266 exit (code: 0, exitedAfterDisconnect: true, state: dead, isDead: true, isExpected: true, worker.disableRefork: false)
2020-08-14 00:47:00,943 WARN 31449 [agent:development] reload worker because /home/ubuntu/001/egg-example/config/config.default.js~ rename
[2020-08-14 00:47:03.822] [cfork:master:31420] worker:2588 disconnect (exitedAfterDisconnect: true, state: disconnected, isDead: false, worker.disableRefork: false)
[2020-08-14 00:47:03.824] [cfork:master:31420] don't fork new work (refork: false)
2020-08-14 00:47:03,824 INFO 31420 [master] app_worker#14:2588 disconnect, suicide: true, state: disconnected, current workers: ["15"]
[2020-08-14 00:47:03.861] [cfork:master:31420] worker:2588 exit (code: 0, exitedAfterDisconnect: true, state: dead, isDead: true, isExpected: true, worker.disableRefork: false)
2020-08-14 00:47:59,048 WARN 31449 [agent:development] reload worker because /home/ubuntu/001/egg-example/config/config.default.js~ rename
[2020-08-14 00:48:01.600] [cfork:master:31420] worker:2981 disconnect (exitedAfterDisconnect: true, state: disconnected, isDead: false, worker.disableRefork: false)
[2020-08-14 00:48:01.600] [cfork:master:31420] don't fork new work (refork: false)
2020-08-14 00:48:01,600 INFO 31420 [master] app_worker#15:2981 disconnect, suicide: true, state: disconnected, current workers: ["16"]
[2020-08-14 00:48:01.636] [cfork:master:31420] worker:2981 exit (code: 0, exitedAfterDisconnect: true, state: dead, isDead: true, isExpected: true, worker.disableRefork: false)
2020-08-14 00:49:09,721 WARN 31449 [agent:development] reload worker because /home/ubuntu/001/egg-example/config/config.default.js~ rename
[2020-08-14 00:49:12.433] [cfork:master:31420] worker:3651 disconnect (exitedAfterDisconnect: true, state: disconnected, isDead: false, worker.disableRefork: false)
[2020-08-14 00:49:12.433] [cfork:master:31420] don't fork new work (refork: false)
2020-08-14 00:49:12,433 INFO 31420 [master] app_worker#16:3651 disconnect, suicide: true, state: disconnected, current workers: ["17"]
[2020-08-14 00:49:12.448] [cfork:master:31420] worker:3651 exit (code: 0, exitedAfterDisconnect: true, state: dead, isDead: true, isExpected: true, worker.disableRefork: false)
2020-08-14 00:49:32,007 WARN 31449 [agent:development] reload worker because /home/ubuntu/001/egg-example/config/config.default.js~ rename
[2020-08-14 00:49:34.620] [cfork:master:31420] worker:4566 disconnect (exitedAfterDisconnect: true, state: disconnected, isDead: false, worker.disableRefork: false)
[2020-08-14 00:49:34.620] [cfork:master:31420] don't fork new work (refork: false)
2020-08-14 00:49:34,620 INFO 31420 [master] app_worker#17:4566 disconnect, suicide: true, state: disconnected, current workers: ["18"]
[2020-08-14 00:49:34.683] [cfork:master:31420] worker:4566 exit (code: 0, exitedAfterDisconnect: true, state: dead, isDead: true, isExpected: true, worker.disableRefork: false)
2020-08-14 00:55:41,307 WARN 31449 [agent:development] reload worker because /home/ubuntu/001/egg-example/config/config.default.js~ rename
[2020-08-14 00:55:44.071] [cfork:master:31420] worker:4785 disconnect (exitedAfterDisconnect: true, state: disconnected, isDead: false, worker.disableRefork: false)
[2020-08-14 00:55:44.071] [cfork:master:31420] don't fork new work (refork: false)
2020-08-14 00:55:44,071 INFO 31420 [master] app_worker#18:4785 disconnect, suicide: true, state: disconnected, current workers: ["19"]
[2020-08-14 00:55:44.079] [cfork:master:31420] worker:4785 exit (code: 0, exitedAfterDisconnect: true, state: dead, isDead: true, isExpected: true, worker.disableRefork: false)
2020-08-14 00:57:34,127 WARN 31449 [agent:development] reload worker because /home/ubuntu/001/egg-example/config/config.default.js~ rename
[2020-08-14 00:57:36.888] [cfork:master:31420] worker:8079 disconnect (exitedAfterDisconnect: true, state: disconnected, isDead: false, worker.disableRefork: false)
[2020-08-14 00:57:36.888] [cfork:master:31420] don't fork new work (refork: false)
2020-08-14 00:57:36,888 INFO 31420 [master] app_worker#19:8079 disconnect, suicide: true, state: disconnected, current workers: ["20"]
[2020-08-14 00:57:36.908] [cfork:master:31420] worker:8079 exit (code: 0, exitedAfterDisconnect: true, state: dead, isDead: true, isExpected: true, worker.disableRefork: false)
2020-08-14 01:00:54,224 INFO 31420 [master] receive signal SIGTERM, closing
2020-08-14 01:00:54,225 INFO 31420 [master] send kill SIGTERM to app workers, will exit with code:0 after 1000ms
2020-08-14 01:00:54,225 INFO 31420 [master] wait 1000ms
[2020-08-14 01:00:54.251] [cfork:master:31420] worker:9132 disconnect (exitedAfterDisconnect: true, state: disconnected, isDead: false, worker.disableRefork: true)
[2020-08-14 01:00:54.251] [cfork:master:31420] don't fork, because worker:9132 will be kill soon
2020-08-14 01:00:54,251 INFO 31420 [master] app_worker#20:9132 disconnect, suicide: true, state: disconnected, current workers: []
[2020-08-14 01:00:54.257] [cfork:master:31420] worker:9132 exit (code: 0, exitedAfterDisconnect: true, state: dead, isDead: true, isExpected: false, worker.disableRefork: true)
2020-08-14 01:00:54,258 INFO 31420 [master] send kill SIGTERM to agent worker, will exit with code:0 after 1000ms
2020-08-14 01:00:54,258 INFO 31420 [master] wait 1000ms
2020-08-14 01:00:54,292 INFO 31420 [master] exit with code:0

> example@1.0.0 dev /home/ubuntu/001/egg-example
> egg-bin dev

[egg-ts-helper] create typings/app/controller/index.d.ts (2ms)
[egg-ts-helper] create typings/app/middleware/index.d.ts (0ms)
[egg-ts-helper] create typings/config/index.d.ts (12ms)
[egg-ts-helper] create typings/config/plugin.d.ts (2ms)
[egg-ts-helper] create typings/app/service/index.d.ts (0ms)
[egg-ts-helper] create typings/app/index.d.ts (1ms)
2020-08-14 11:08:57,843 INFO 20473 [master] node version v12.18.3
2020-08-14 11:08:57,843 INFO 20473 [master] egg version 2.27.0
2020-08-14 11:08:58,641 INFO 20473 [master] agent_worker#1:20503 started (796ms)
2020-08-14 11:08:59,565 ERROR 20520 [app_worker] server got error: bind EADDRINUSE 0.0.0.0:7000, code: EADDRINUSE
[2020-08-14 11:08:59.575] [cfork:master:20473] worker:20520 disconnect (exitedAfterDisconnect: false, state: disconnected, isDead: false, worker.disableRefork: true)
[2020-08-14 11:08:59.575] [cfork:master:20473] don't fork, because worker:20520 will be kill soon
2020-08-14 11:08:59,575 INFO 20473 [master] app_worker#1:20520 disconnect, suicide: false, state: disconnected, current workers: ["1"]
[2020-08-14 11:08:59.576] [cfork:master:20473] worker:20520 exit (code: 0, exitedAfterDisconnect: false, state: dead, isDead: true, isExpected: false, worker.disableRefork: true)
2020-08-14 11:08:59,577 ERROR 20473 nodejs.AppWorkerDiedError: [master] app_worker#1:20520 died (code: 0, signal: null, suicide: false, state: dead), current workers: []
    at Master.onAppExit (/home/ubuntu/001/egg-example/node_modules/egg-cluster/lib/master.js:510:21)
    at Master.emit (events.js:315:20)
    at Messenger.sendToMaster (/home/ubuntu/001/egg-example/node_modules/egg-cluster/lib/utils/messenger.js:137:17)
    at Messenger.send (/home/ubuntu/001/egg-example/node_modules/egg-cluster/lib/utils/messenger.js:102:12)
    at EventEmitter.<anonymous> (/home/ubuntu/001/egg-example/node_modules/egg-cluster/lib/master.js:353:22)
    at EventEmitter.emit (events.js:327:22)
    at ChildProcess.<anonymous> (internal/cluster/master.js:191:13)
    at Object.onceWrapper (events.js:422:26)
    at ChildProcess.emit (events.js:315:20)
    at Process.ChildProcess._handle.onexit (internal/child_process.js:275:12)
name: "AppWorkerDiedError"
pid: 20473
hostname: VM-0-9-ubuntu

2020-08-14 11:08:59,578 ERROR 20473 [master] app_worker#1:20520 start fail, exiting with code:1
2020-08-14 11:08:59,578 ERROR 20473 [master] exit with code:1
2020-08-14 11:08:59,586 ERROR 20503 [agent_worker] receive disconnect event on child_process fork mode, exiting with code:110
2020-08-14 11:08:59,587 ERROR 20503 [agent_worker] exit with code:110
Error: /home/ubuntu/001/egg-example/node_modules/egg-bin/lib/start-cluster {"typescript":false,"declarations":true,"workers":1,"baseDir":"/home/ubuntu/001/egg-example","framework":"/home/ubuntu/001/egg-example/node_modules/egg"} exit with code 1
    at ChildProcess.<anonymous> (/home/ubuntu/001/egg-example/node_modules/common-bin/lib/helper.js:56:21)
    at Object.onceWrapper (events.js:422:26)
    at ChildProcess.emit (events.js:315:20)
    at Process.ChildProcess._handle.onexit (internal/child_process.js:275:12) {
  code: 1
}
npm ERR! code ELIFECYCLE
npm ERR! errno 1
npm ERR! example@1.0.0 dev: `egg-bin dev`
npm ERR! Exit status 1
npm ERR! 
npm ERR! Failed at the example@1.0.0 dev script.
npm ERR! This is probably not a problem with npm. There is likely additional logging output above.

npm ERR! A complete log of this run can be found in:
npm ERR!     /home/ubuntu/.npm/_logs/2020-08-14T03_08_59_611Z-debug.log

> example@1.0.0 dev /home/ubuntu/001/egg-example
> egg-bin dev

[egg-ts-helper] create typings/app/controller/index.d.ts (1ms)
[egg-ts-helper] create typings/app/middleware/index.d.ts (1ms)
[egg-ts-helper] create typings/config/index.d.ts (15ms)
[egg-ts-helper] create typings/config/plugin.d.ts (1ms)
[egg-ts-helper] create typings/app/service/index.d.ts (1ms)
[egg-ts-helper] create typings/app/index.d.ts (1ms)
2020-08-14 13:57:00,760 INFO 7030 [master] node version v12.18.3
2020-08-14 13:57:00,760 INFO 7030 [master] egg version 2.27.0
2020-08-14 13:57:01,560 INFO 7030 [master] agent_worker#1:7059 started (798ms)
2020-08-14 13:57:02,494 INFO 7030 [master] egg started on http://0.0.0.0:7000 (1734ms)
2020-08-14 23:49:39,057 WARN 7087 A client (110.53.52.228:61661) error [HPE_INVALID_METHOD] occurred: Parse Error: Invalid method encountered
2020-08-15 06:42:39,629 WARN 7087 A client (182.140.238.180:30993) error [HPE_INVALID_METHOD] occurred: Parse Error: Invalid method encountered
更新成功
更新成功
更新成功
更新成功
更新成功
更新成功
更新成功
2020-08-16 11:15:09,603 WARN 7087 A client (106.75.211.211:40488) error [HPE_INVALID_METHOD] occurred: Parse Error: Invalid method encountered
2020-08-16 11:15:09,616 WARN 7087 A client (106.75.211.211:40492) error [HPE_INVALID_METHOD] occurred: Parse Error: Invalid method encountered
2020-08-16 11:15:09,620 WARN 7087 A client (106.75.211.211:40496) error [HPE_INVALID_METHOD] occurred: Parse Error: Invalid method encountered
2020-08-16 18:21:14,293 WARN 7087 A client (89.144.47.6:63344) error [HPE_INVALID_METHOD] occurred: Parse Error: Invalid method encountered
2020-08-16 18:37:33,119 WARN 7087 A client (89.144.47.6:64558) error [HPE_INVALID_METHOD] occurred: Parse Error: Invalid method encountered
2020-08-17 09:08:58,125 WARN 7087 A client (193.106.30.234:65434) error [HPE_INVALID_METHOD] occurred: Parse Error: Invalid method encountered
2020-08-17 15:35:53,236 WARN 7087 A client (193.106.30.234:65177) error [HPE_INVALID_METHOD] occurred: Parse Error: Invalid method encountered
2020-08-17 15:49:20,350 WARN 7087 A client (182.140.238.180:45910) error [HPE_INVALID_METHOD] occurred: Parse Error: Invalid method encountered
2020-08-18 01:09:53,536 WARN 7087 A client (193.106.30.234:2173) error [HPE_INVALID_METHOD] occurred: Parse Error: Invalid method encountered
2020-08-18 09:11:05,237 WARN 7087 A client (93.174.93.33:63047) error [HPE_INVALID_METHOD] occurred: Parse Error: Invalid method encountered
2020-08-18 16:45:35,075 WARN 7087 A client (188.124.36.157:58895) error [HPE_INVALID_METHOD] occurred: Parse Error: Invalid method encountered
2020-08-19 00:04:20,913 WARN 7087 A client (188.124.36.157:64246) error [HPE_INVALID_METHOD] occurred: Parse Error: Invalid method encountered
2020-08-19 05:50:26,982 WARN 7087 A client (193.106.30.234:2470) error [HPE_INVALID_METHOD] occurred: Parse Error: Invalid method encountered
2020-08-19 09:28:08,408 WARN 7087 A client (188.124.36.157:60111) error [HPE_INVALID_METHOD] occurred: Parse Error: Invalid method encountered
2020-08-19 10:17:37,958 WARN 7087 A client (80.82.65.74:33214) error [HPE_INVALID_METHOD] occurred: Parse Error: Invalid method encountered
2020-08-19 10:17:38,393 WARN 7087 A client (80.82.65.74:38222) error [HPE_INVALID_METHOD] occurred: Parse Error: Invalid method encountered
2020-08-19 10:17:39,008 WARN 7087 A client (80.82.65.74:43456) error [HPE_INVALID_METHOD] occurred: Parse Error: Invalid method encountered
2020-08-19 12:12:10,426 WARN 7087 A client (92.63.196.7:64136) error [HPE_INVALID_METHOD] occurred: Parse Error: Invalid method encountered
2020-08-20 02:49:00,735 WARN 7087 A client (193.106.30.234:64738) error [HPE_INVALID_METHOD] occurred: Parse Error: Invalid method encountered
2020-08-20 02:56:59,444 WARN 7087 A client (192.35.168.249:36338) error [HPE_INVALID_METHOD] occurred: Parse Error: Invalid method encountered
2020-08-20 02:56:59,963 WARN 7087 A client (192.35.168.249:36338) error [HPE_INVALID_METHOD] occurred: Parse Error: Invalid method encountered
2020-08-20 03:57:05,048 WARN 7087 A client (89.144.47.6:65100) error [HPE_INVALID_METHOD] occurred: Parse Error: Invalid method encountered
2020-08-20 04:11:35,281 WARN 7087 A client (89.144.47.6:63856) error [HPE_INVALID_METHOD] occurred: Parse Error: Invalid method encountered
2020-08-20 10:30:00,360 WARN 7087 A client (93.174.93.33:64080) error [HPE_INVALID_METHOD] occurred: Parse Error: Invalid method encountered
2020-08-20 10:30:00,383 WARN 7087 A client (93.174.93.33:65296) error [HPE_INVALID_METHOD] occurred: Parse Error: Invalid method encountered
2020-08-20 17:32:36,312 WARN 7087 A client (193.106.30.234:64166) error [HPE_INVALID_METHOD] occurred: Parse Error: Invalid method encountered
2020-08-20 21:01:36,064 WARN 7087 A client (106.75.168.234:36592) error [HPE_INVALID_METHOD] occurred: Parse Error: Invalid method encountered
更新成功
2020-08-21 01:23:56,362 WARN 7087 A client (193.106.30.234:63572) error [HPE_INVALID_METHOD] occurred: Parse Error: Invalid method encountered
2020-08-21 10:56:30,760 WARN 7087 A client (193.106.30.234:65399) error [HPE_INVALID_METHOD] occurred: Parse Error: Invalid method encountered
更新成功
更新成功
更新成功
更新成功
更新成功
更新成功
更新成功
2020-08-21 21:48:42,570 INFO 7030 [master] receive signal SIGTERM, closing
2020-08-21 21:48:42,572 INFO 7030 [master] send kill SIGTERM to app workers, will exit with code:0 after 1000ms
2020-08-21 21:48:42,572 INFO 7030 [master] wait 1000ms
[2020-08-21 21:48:42.617] [cfork:master:7030] worker:7087 disconnect (exitedAfterDisconnect: true, state: disconnected, isDead: false, worker.disableRefork: true)
[2020-08-21 21:48:42.617] [cfork:master:7030] don't fork, because worker:7087 will be kill soon
2020-08-21 21:48:42,621 INFO 7030 [master] app_worker#1:7087 disconnect, suicide: true, state: disconnected, current workers: []
[2020-08-21 21:48:42.669] [cfork:master:7030] worker:7087 exit (code: 0, exitedAfterDisconnect: true, state: dead, isDead: true, isExpected: false, worker.disableRefork: true)
2020-08-21 21:48:42,669 INFO 7030 [master] send kill SIGTERM to agent worker, will exit with code:0 after 1000ms
2020-08-21 21:48:42,669 INFO 7030 [master] wait 1000ms
2020-08-21 21:48:42,701 INFO 7030 [master] exit with code:0

┌──────────────────────────────────────────────────────────┐
│                 npm update check failed                  │
│           Try running with sudo or get access            │
│           to the local update config store via           │
│ sudo chown -R $USER:$(id -gn $USER) /home/ubuntu/.config │
└──────────────────────────────────────────────────────────┘
